<?xml version="1.0" encoding="UTF-8"?>
<testsuite xmlns:xsi="http://www.w3.org/2001/XMLSchema-instance" xsi:noNamespaceSchemaLocation="https://maven.apache.org/surefire/maven-surefire-plugin/xsd/surefire-test-report.xsd" name="com.firstboot.parent.ParentApplicationTests" time="0.07" tests="1" errors="1" skipped="0" failures="0">
  <properties>
    <property name="sun.desktop" value="windows"/>
    <property name="awt.toolkit" value="sun.awt.windows.WToolkit"/>
    <property name="file.encoding.pkg" value="sun.io"/>
    <property name="java.specification.version" value="1.8"/>
    <property name="sun.cpu.isalist" value="amd64"/>
    <property name="sun.jnu.encoding" value="GBK"/>
    <property name="java.class.path" value="F:\myGit\sbStudy\target\test-classes;F:\myGit\sbStudy\target\classes;E:\muxiaocao\mvn_repos\org\springframework\boot\spring-boot-starter\2.0.1.RELEASE\spring-boot-starter-2.0.1.RELEASE.jar;E:\muxiaocao\mvn_repos\org\springframework\boot\spring-boot\2.0.1.RELEASE\spring-boot-2.0.1.RELEASE.jar;E:\muxiaocao\mvn_repos\org\springframework\spring-context\5.0.5.RELEASE\spring-context-5.0.5.RELEASE.jar;E:\muxiaocao\mvn_repos\org\springframework\boot\spring-boot-autoconfigure\2.0.1.RELEASE\spring-boot-autoconfigure-2.0.1.RELEASE.jar;E:\muxiaocao\mvn_repos\org\springframework\boot\spring-boot-starter-logging\2.0.1.RELEASE\spring-boot-starter-logging-2.0.1.RELEASE.jar;E:\muxiaocao\mvn_repos\ch\qos\logback\logback-classic\1.2.3\logback-classic-1.2.3.jar;E:\muxiaocao\mvn_repos\ch\qos\logback\logback-core\1.2.3\logback-core-1.2.3.jar;E:\muxiaocao\mvn_repos\org\apache\logging\log4j\log4j-to-slf4j\2.10.0\log4j-to-slf4j-2.10.0.jar;E:\muxiaocao\mvn_repos\org\apache\logging\log4j\log4j-api\2.10.0\log4j-api-2.10.0.jar;E:\muxiaocao\mvn_repos\org\slf4j\jul-to-slf4j\1.7.25\jul-to-slf4j-1.7.25.jar;E:\muxiaocao\mvn_repos\javax\annotation\javax.annotation-api\1.3.2\javax.annotation-api-1.3.2.jar;E:\muxiaocao\mvn_repos\org\springframework\spring-core\5.0.5.RELEASE\spring-core-5.0.5.RELEASE.jar;E:\muxiaocao\mvn_repos\org\springframework\spring-jcl\5.0.5.RELEASE\spring-jcl-5.0.5.RELEASE.jar;E:\muxiaocao\mvn_repos\org\yaml\snakeyaml\1.19\snakeyaml-1.19.jar;E:\muxiaocao\mvn_repos\org\springframework\boot\spring-boot-starter-test\2.0.1.RELEASE\spring-boot-starter-test-2.0.1.RELEASE.jar;E:\muxiaocao\mvn_repos\org\springframework\boot\spring-boot-test\2.0.1.RELEASE\spring-boot-test-2.0.1.RELEASE.jar;E:\muxiaocao\mvn_repos\org\springframework\boot\spring-boot-test-autoconfigure\2.0.1.RELEASE\spring-boot-test-autoconfigure-2.0.1.RELEASE.jar;E:\muxiaocao\mvn_repos\com\jayway\jsonpath\json-path\2.4.0\json-path-2.4.0.jar;E:\muxiaocao\mvn_repos\net\minidev\json-smart\2.3\json-smart-2.3.jar;E:\muxiaocao\mvn_repos\net\minidev\accessors-smart\1.2\accessors-smart-1.2.jar;E:\muxiaocao\mvn_repos\org\ow2\asm\asm\5.0.4\asm-5.0.4.jar;E:\muxiaocao\mvn_repos\junit\junit\4.12\junit-4.12.jar;E:\muxiaocao\mvn_repos\org\assertj\assertj-core\3.9.1\assertj-core-3.9.1.jar;E:\muxiaocao\mvn_repos\org\mockito\mockito-core\2.15.0\mockito-core-2.15.0.jar;E:\muxiaocao\mvn_repos\net\bytebuddy\byte-buddy\1.7.11\byte-buddy-1.7.11.jar;E:\muxiaocao\mvn_repos\net\bytebuddy\byte-buddy-agent\1.7.11\byte-buddy-agent-1.7.11.jar;E:\muxiaocao\mvn_repos\org\objenesis\objenesis\2.6\objenesis-2.6.jar;E:\muxiaocao\mvn_repos\org\hamcrest\hamcrest-core\1.3\hamcrest-core-1.3.jar;E:\muxiaocao\mvn_repos\org\hamcrest\hamcrest-library\1.3\hamcrest-library-1.3.jar;E:\muxiaocao\mvn_repos\org\skyscreamer\jsonassert\1.5.0\jsonassert-1.5.0.jar;E:\muxiaocao\mvn_repos\com\vaadin\external\google\android-json\0.0.20131108.vaadin1\android-json-0.0.20131108.vaadin1.jar;E:\muxiaocao\mvn_repos\org\springframework\spring-test\5.0.5.RELEASE\spring-test-5.0.5.RELEASE.jar;E:\muxiaocao\mvn_repos\org\xmlunit\xmlunit-core\2.5.1\xmlunit-core-2.5.1.jar;E:\muxiaocao\mvn_repos\org\springframework\boot\spring-boot-starter-web\2.0.1.RELEASE\spring-boot-starter-web-2.0.1.RELEASE.jar;E:\muxiaocao\mvn_repos\org\springframework\boot\spring-boot-starter-json\2.0.1.RELEASE\spring-boot-starter-json-2.0.1.RELEASE.jar;E:\muxiaocao\mvn_repos\com\fasterxml\jackson\core\jackson-databind\2.9.5\jackson-databind-2.9.5.jar;E:\muxiaocao\mvn_repos\com\fasterxml\jackson\core\jackson-core\2.9.5\jackson-core-2.9.5.jar;E:\muxiaocao\mvn_repos\com\fasterxml\jackson\datatype\jackson-datatype-jdk8\2.9.5\jackson-datatype-jdk8-2.9.5.jar;E:\muxiaocao\mvn_repos\com\fasterxml\jackson\datatype\jackson-datatype-jsr310\2.9.5\jackson-datatype-jsr310-2.9.5.jar;E:\muxiaocao\mvn_repos\com\fasterxml\jackson\module\jackson-module-parameter-names\2.9.5\jackson-module-parameter-names-2.9.5.jar;E:\muxiaocao\mvn_repos\org\springframework\boot\spring-boot-starter-tomcat\2.0.1.RELEASE\spring-boot-starter-tomcat-2.0.1.RELEASE.jar;E:\muxiaocao\mvn_repos\org\apache\tomcat\embed\tomcat-embed-core\8.5.29\tomcat-embed-core-8.5.29.jar;E:\muxiaocao\mvn_repos\org\apache\tomcat\embed\tomcat-embed-el\8.5.29\tomcat-embed-el-8.5.29.jar;E:\muxiaocao\mvn_repos\org\apache\tomcat\embed\tomcat-embed-websocket\8.5.29\tomcat-embed-websocket-8.5.29.jar;E:\muxiaocao\mvn_repos\org\hibernate\validator\hibernate-validator\6.0.9.Final\hibernate-validator-6.0.9.Final.jar;E:\muxiaocao\mvn_repos\javax\validation\validation-api\2.0.1.Final\validation-api-2.0.1.Final.jar;E:\muxiaocao\mvn_repos\org\jboss\logging\jboss-logging\3.3.2.Final\jboss-logging-3.3.2.Final.jar;E:\muxiaocao\mvn_repos\org\springframework\spring-web\5.0.5.RELEASE\spring-web-5.0.5.RELEASE.jar;E:\muxiaocao\mvn_repos\org\springframework\spring-webmvc\5.0.5.RELEASE\spring-webmvc-5.0.5.RELEASE.jar;E:\muxiaocao\mvn_repos\org\springframework\spring-aop\5.0.5.RELEASE\spring-aop-5.0.5.RELEASE.jar;E:\muxiaocao\mvn_repos\org\springframework\spring-expression\5.0.5.RELEASE\spring-expression-5.0.5.RELEASE.jar;E:\muxiaocao\mvn_repos\org\springframework\boot\spring-boot-starter-thymeleaf\2.0.1.RELEASE\spring-boot-starter-thymeleaf-2.0.1.RELEASE.jar;E:\muxiaocao\mvn_repos\org\thymeleaf\thymeleaf-spring5\3.0.9.RELEASE\thymeleaf-spring5-3.0.9.RELEASE.jar;E:\muxiaocao\mvn_repos\org\thymeleaf\thymeleaf\3.0.9.RELEASE\thymeleaf-3.0.9.RELEASE.jar;E:\muxiaocao\mvn_repos\org\attoparser\attoparser\2.0.4.RELEASE\attoparser-2.0.4.RELEASE.jar;E:\muxiaocao\mvn_repos\org\unbescape\unbescape\1.1.5.RELEASE\unbescape-1.1.5.RELEASE.jar;E:\muxiaocao\mvn_repos\org\thymeleaf\extras\thymeleaf-extras-java8time\3.0.1.RELEASE\thymeleaf-extras-java8time-3.0.1.RELEASE.jar;E:\muxiaocao\mvn_repos\io\springfox\springfox-swagger2\2.2.2\springfox-swagger2-2.2.2.jar;E:\muxiaocao\mvn_repos\org\mapstruct\mapstruct\1.0.0.CR1\mapstruct-1.0.0.CR1.jar;E:\muxiaocao\mvn_repos\io\swagger\swagger-annotations\1.5.3\swagger-annotations-1.5.3.jar;E:\muxiaocao\mvn_repos\io\swagger\swagger-models\1.5.3\swagger-models-1.5.3.jar;E:\muxiaocao\mvn_repos\com\fasterxml\jackson\core\jackson-annotations\2.9.0\jackson-annotations-2.9.0.jar;E:\muxiaocao\mvn_repos\io\springfox\springfox-spi\2.2.2\springfox-spi-2.2.2.jar;E:\muxiaocao\mvn_repos\io\springfox\springfox-core\2.2.2\springfox-core-2.2.2.jar;E:\muxiaocao\mvn_repos\io\springfox\springfox-schema\2.2.2\springfox-schema-2.2.2.jar;E:\muxiaocao\mvn_repos\io\springfox\springfox-swagger-common\2.2.2\springfox-swagger-common-2.2.2.jar;E:\muxiaocao\mvn_repos\io\springfox\springfox-spring-web\2.2.2\springfox-spring-web-2.2.2.jar;E:\muxiaocao\mvn_repos\com\google\guava\guava\18.0\guava-18.0.jar;E:\muxiaocao\mvn_repos\com\fasterxml\classmate\1.3.4\classmate-1.3.4.jar;E:\muxiaocao\mvn_repos\org\slf4j\slf4j-api\1.7.25\slf4j-api-1.7.25.jar;E:\muxiaocao\mvn_repos\org\aspectj\aspectjrt\1.8.13\aspectjrt-1.8.13.jar;E:\muxiaocao\mvn_repos\org\aspectj\aspectjweaver\1.8.13\aspectjweaver-1.8.13.jar;E:\muxiaocao\mvn_repos\org\springframework\plugin\spring-plugin-core\1.2.0.RELEASE\spring-plugin-core-1.2.0.RELEASE.jar;E:\muxiaocao\mvn_repos\org\springframework\plugin\spring-plugin-metadata\1.2.0.RELEASE\spring-plugin-metadata-1.2.0.RELEASE.jar;E:\muxiaocao\mvn_repos\org\springframework\hateoas\spring-hateoas\0.24.0.RELEASE\spring-hateoas-0.24.0.RELEASE.jar;E:\muxiaocao\mvn_repos\io\springfox\springfox-swagger-ui\2.2.2\springfox-swagger-ui-2.2.2.jar;E:\muxiaocao\mvn_repos\org\springframework\boot\spring-boot-starter-jdbc\2.0.1.RELEASE\spring-boot-starter-jdbc-2.0.1.RELEASE.jar;E:\muxiaocao\mvn_repos\com\zaxxer\HikariCP\2.7.8\HikariCP-2.7.8.jar;E:\muxiaocao\mvn_repos\mysql\mysql-connector-java\5.1.29\mysql-connector-java-5.1.29.jar;E:\muxiaocao\mvn_repos\org\springframework\spring-jdbc\4.1.3.RELEASE\spring-jdbc-4.1.3.RELEASE.jar;E:\muxiaocao\mvn_repos\org\springframework\spring-beans\5.0.5.RELEASE\spring-beans-5.0.5.RELEASE.jar;E:\muxiaocao\mvn_repos\org\springframework\spring-tx\5.0.5.RELEASE\spring-tx-5.0.5.RELEASE.jar;E:\muxiaocao\mvn_repos\org\springframework\boot\spring-boot-starter-data-jpa\2.0.1.RELEASE\spring-boot-starter-data-jpa-2.0.1.RELEASE.jar;E:\muxiaocao\mvn_repos\org\springframework\boot\spring-boot-starter-aop\2.0.1.RELEASE\spring-boot-starter-aop-2.0.1.RELEASE.jar;E:\muxiaocao\mvn_repos\org\hibernate\hibernate-core\5.2.16.Final\hibernate-core-5.2.16.Final.jar;E:\muxiaocao\mvn_repos\org\hibernate\javax\persistence\hibernate-jpa-2.1-api\1.0.0.Final\hibernate-jpa-2.1-api-1.0.0.Final.jar;E:\muxiaocao\mvn_repos\org\javassist\javassist\3.22.0-GA\javassist-3.22.0-GA.jar;E:\muxiaocao\mvn_repos\antlr\antlr\2.7.7\antlr-2.7.7.jar;E:\muxiaocao\mvn_repos\org\jboss\jandex\2.0.3.Final\jandex-2.0.3.Final.jar;E:\muxiaocao\mvn_repos\dom4j\dom4j\1.6.1\dom4j-1.6.1.jar;E:\muxiaocao\mvn_repos\org\hibernate\common\hibernate-commons-annotations\5.0.1.Final\hibernate-commons-annotations-5.0.1.Final.jar;E:\muxiaocao\mvn_repos\javax\transaction\javax.transaction-api\1.2\javax.transaction-api-1.2.jar;E:\muxiaocao\mvn_repos\org\springframework\data\spring-data-jpa\2.0.6.RELEASE\spring-data-jpa-2.0.6.RELEASE.jar;E:\muxiaocao\mvn_repos\org\springframework\data\spring-data-commons\2.0.6.RELEASE\spring-data-commons-2.0.6.RELEASE.jar;E:\muxiaocao\mvn_repos\org\springframework\spring-orm\5.0.5.RELEASE\spring-orm-5.0.5.RELEASE.jar;E:\muxiaocao\mvn_repos\org\springframework\spring-aspects\5.0.5.RELEASE\spring-aspects-5.0.5.RELEASE.jar;"/>
    <property name="java.vm.vendor" value="Oracle Corporation"/>
    <property name="sun.arch.data.model" value="64"/>
    <property name="user.variant" value=""/>
    <property name="java.vendor.url" value="http://java.oracle.com/"/>
    <property name="user.timezone" value=""/>
    <property name="java.vm.specification.version" value="1.8"/>
    <property name="os.name" value="Windows 7"/>
    <property name="user.country" value="CN"/>
    <property name="sun.java.launcher" value="SUN_STANDARD"/>
    <property name="sun.boot.library.path" value="D:\Develop\java\jdk1.8.0_151\jre\bin"/>
    <property name="sun.java.command" value="C:\Users\ADMINI~1\AppData\Local\Temp\surefire6993252526018146592\surefirebooter6286907950954034755.jar C:\Users\Administrator\AppData\Local\Temp\surefire6993252526018146592 2018-05-19T10-51-13_366-jvmRun1 surefire7692456369074581536tmp surefire_04066624363648093884tmp"/>
    <property name="surefire.test.class.path" value="F:\myGit\sbStudy\target\test-classes;F:\myGit\sbStudy\target\classes;E:\muxiaocao\mvn_repos\org\springframework\boot\spring-boot-starter\2.0.1.RELEASE\spring-boot-starter-2.0.1.RELEASE.jar;E:\muxiaocao\mvn_repos\org\springframework\boot\spring-boot\2.0.1.RELEASE\spring-boot-2.0.1.RELEASE.jar;E:\muxiaocao\mvn_repos\org\springframework\spring-context\5.0.5.RELEASE\spring-context-5.0.5.RELEASE.jar;E:\muxiaocao\mvn_repos\org\springframework\boot\spring-boot-autoconfigure\2.0.1.RELEASE\spring-boot-autoconfigure-2.0.1.RELEASE.jar;E:\muxiaocao\mvn_repos\org\springframework\boot\spring-boot-starter-logging\2.0.1.RELEASE\spring-boot-starter-logging-2.0.1.RELEASE.jar;E:\muxiaocao\mvn_repos\ch\qos\logback\logback-classic\1.2.3\logback-classic-1.2.3.jar;E:\muxiaocao\mvn_repos\ch\qos\logback\logback-core\1.2.3\logback-core-1.2.3.jar;E:\muxiaocao\mvn_repos\org\apache\logging\log4j\log4j-to-slf4j\2.10.0\log4j-to-slf4j-2.10.0.jar;E:\muxiaocao\mvn_repos\org\apache\logging\log4j\log4j-api\2.10.0\log4j-api-2.10.0.jar;E:\muxiaocao\mvn_repos\org\slf4j\jul-to-slf4j\1.7.25\jul-to-slf4j-1.7.25.jar;E:\muxiaocao\mvn_repos\javax\annotation\javax.annotation-api\1.3.2\javax.annotation-api-1.3.2.jar;E:\muxiaocao\mvn_repos\org\springframework\spring-core\5.0.5.RELEASE\spring-core-5.0.5.RELEASE.jar;E:\muxiaocao\mvn_repos\org\springframework\spring-jcl\5.0.5.RELEASE\spring-jcl-5.0.5.RELEASE.jar;E:\muxiaocao\mvn_repos\org\yaml\snakeyaml\1.19\snakeyaml-1.19.jar;E:\muxiaocao\mvn_repos\org\springframework\boot\spring-boot-starter-test\2.0.1.RELEASE\spring-boot-starter-test-2.0.1.RELEASE.jar;E:\muxiaocao\mvn_repos\org\springframework\boot\spring-boot-test\2.0.1.RELEASE\spring-boot-test-2.0.1.RELEASE.jar;E:\muxiaocao\mvn_repos\org\springframework\boot\spring-boot-test-autoconfigure\2.0.1.RELEASE\spring-boot-test-autoconfigure-2.0.1.RELEASE.jar;E:\muxiaocao\mvn_repos\com\jayway\jsonpath\json-path\2.4.0\json-path-2.4.0.jar;E:\muxiaocao\mvn_repos\net\minidev\json-smart\2.3\json-smart-2.3.jar;E:\muxiaocao\mvn_repos\net\minidev\accessors-smart\1.2\accessors-smart-1.2.jar;E:\muxiaocao\mvn_repos\org\ow2\asm\asm\5.0.4\asm-5.0.4.jar;E:\muxiaocao\mvn_repos\junit\junit\4.12\junit-4.12.jar;E:\muxiaocao\mvn_repos\org\assertj\assertj-core\3.9.1\assertj-core-3.9.1.jar;E:\muxiaocao\mvn_repos\org\mockito\mockito-core\2.15.0\mockito-core-2.15.0.jar;E:\muxiaocao\mvn_repos\net\bytebuddy\byte-buddy\1.7.11\byte-buddy-1.7.11.jar;E:\muxiaocao\mvn_repos\net\bytebuddy\byte-buddy-agent\1.7.11\byte-buddy-agent-1.7.11.jar;E:\muxiaocao\mvn_repos\org\objenesis\objenesis\2.6\objenesis-2.6.jar;E:\muxiaocao\mvn_repos\org\hamcrest\hamcrest-core\1.3\hamcrest-core-1.3.jar;E:\muxiaocao\mvn_repos\org\hamcrest\hamcrest-library\1.3\hamcrest-library-1.3.jar;E:\muxiaocao\mvn_repos\org\skyscreamer\jsonassert\1.5.0\jsonassert-1.5.0.jar;E:\muxiaocao\mvn_repos\com\vaadin\external\google\android-json\0.0.20131108.vaadin1\android-json-0.0.20131108.vaadin1.jar;E:\muxiaocao\mvn_repos\org\springframework\spring-test\5.0.5.RELEASE\spring-test-5.0.5.RELEASE.jar;E:\muxiaocao\mvn_repos\org\xmlunit\xmlunit-core\2.5.1\xmlunit-core-2.5.1.jar;E:\muxiaocao\mvn_repos\org\springframework\boot\spring-boot-starter-web\2.0.1.RELEASE\spring-boot-starter-web-2.0.1.RELEASE.jar;E:\muxiaocao\mvn_repos\org\springframework\boot\spring-boot-starter-json\2.0.1.RELEASE\spring-boot-starter-json-2.0.1.RELEASE.jar;E:\muxiaocao\mvn_repos\com\fasterxml\jackson\core\jackson-databind\2.9.5\jackson-databind-2.9.5.jar;E:\muxiaocao\mvn_repos\com\fasterxml\jackson\core\jackson-core\2.9.5\jackson-core-2.9.5.jar;E:\muxiaocao\mvn_repos\com\fasterxml\jackson\datatype\jackson-datatype-jdk8\2.9.5\jackson-datatype-jdk8-2.9.5.jar;E:\muxiaocao\mvn_repos\com\fasterxml\jackson\datatype\jackson-datatype-jsr310\2.9.5\jackson-datatype-jsr310-2.9.5.jar;E:\muxiaocao\mvn_repos\com\fasterxml\jackson\module\jackson-module-parameter-names\2.9.5\jackson-module-parameter-names-2.9.5.jar;E:\muxiaocao\mvn_repos\org\springframework\boot\spring-boot-starter-tomcat\2.0.1.RELEASE\spring-boot-starter-tomcat-2.0.1.RELEASE.jar;E:\muxiaocao\mvn_repos\org\apache\tomcat\embed\tomcat-embed-core\8.5.29\tomcat-embed-core-8.5.29.jar;E:\muxiaocao\mvn_repos\org\apache\tomcat\embed\tomcat-embed-el\8.5.29\tomcat-embed-el-8.5.29.jar;E:\muxiaocao\mvn_repos\org\apache\tomcat\embed\tomcat-embed-websocket\8.5.29\tomcat-embed-websocket-8.5.29.jar;E:\muxiaocao\mvn_repos\org\hibernate\validator\hibernate-validator\6.0.9.Final\hibernate-validator-6.0.9.Final.jar;E:\muxiaocao\mvn_repos\javax\validation\validation-api\2.0.1.Final\validation-api-2.0.1.Final.jar;E:\muxiaocao\mvn_repos\org\jboss\logging\jboss-logging\3.3.2.Final\jboss-logging-3.3.2.Final.jar;E:\muxiaocao\mvn_repos\org\springframework\spring-web\5.0.5.RELEASE\spring-web-5.0.5.RELEASE.jar;E:\muxiaocao\mvn_repos\org\springframework\spring-webmvc\5.0.5.RELEASE\spring-webmvc-5.0.5.RELEASE.jar;E:\muxiaocao\mvn_repos\org\springframework\spring-aop\5.0.5.RELEASE\spring-aop-5.0.5.RELEASE.jar;E:\muxiaocao\mvn_repos\org\springframework\spring-expression\5.0.5.RELEASE\spring-expression-5.0.5.RELEASE.jar;E:\muxiaocao\mvn_repos\org\springframework\boot\spring-boot-starter-thymeleaf\2.0.1.RELEASE\spring-boot-starter-thymeleaf-2.0.1.RELEASE.jar;E:\muxiaocao\mvn_repos\org\thymeleaf\thymeleaf-spring5\3.0.9.RELEASE\thymeleaf-spring5-3.0.9.RELEASE.jar;E:\muxiaocao\mvn_repos\org\thymeleaf\thymeleaf\3.0.9.RELEASE\thymeleaf-3.0.9.RELEASE.jar;E:\muxiaocao\mvn_repos\org\attoparser\attoparser\2.0.4.RELEASE\attoparser-2.0.4.RELEASE.jar;E:\muxiaocao\mvn_repos\org\unbescape\unbescape\1.1.5.RELEASE\unbescape-1.1.5.RELEASE.jar;E:\muxiaocao\mvn_repos\org\thymeleaf\extras\thymeleaf-extras-java8time\3.0.1.RELEASE\thymeleaf-extras-java8time-3.0.1.RELEASE.jar;E:\muxiaocao\mvn_repos\io\springfox\springfox-swagger2\2.2.2\springfox-swagger2-2.2.2.jar;E:\muxiaocao\mvn_repos\org\mapstruct\mapstruct\1.0.0.CR1\mapstruct-1.0.0.CR1.jar;E:\muxiaocao\mvn_repos\io\swagger\swagger-annotations\1.5.3\swagger-annotations-1.5.3.jar;E:\muxiaocao\mvn_repos\io\swagger\swagger-models\1.5.3\swagger-models-1.5.3.jar;E:\muxiaocao\mvn_repos\com\fasterxml\jackson\core\jackson-annotations\2.9.0\jackson-annotations-2.9.0.jar;E:\muxiaocao\mvn_repos\io\springfox\springfox-spi\2.2.2\springfox-spi-2.2.2.jar;E:\muxiaocao\mvn_repos\io\springfox\springfox-core\2.2.2\springfox-core-2.2.2.jar;E:\muxiaocao\mvn_repos\io\springfox\springfox-schema\2.2.2\springfox-schema-2.2.2.jar;E:\muxiaocao\mvn_repos\io\springfox\springfox-swagger-common\2.2.2\springfox-swagger-common-2.2.2.jar;E:\muxiaocao\mvn_repos\io\springfox\springfox-spring-web\2.2.2\springfox-spring-web-2.2.2.jar;E:\muxiaocao\mvn_repos\com\google\guava\guava\18.0\guava-18.0.jar;E:\muxiaocao\mvn_repos\com\fasterxml\classmate\1.3.4\classmate-1.3.4.jar;E:\muxiaocao\mvn_repos\org\slf4j\slf4j-api\1.7.25\slf4j-api-1.7.25.jar;E:\muxiaocao\mvn_repos\org\aspectj\aspectjrt\1.8.13\aspectjrt-1.8.13.jar;E:\muxiaocao\mvn_repos\org\aspectj\aspectjweaver\1.8.13\aspectjweaver-1.8.13.jar;E:\muxiaocao\mvn_repos\org\springframework\plugin\spring-plugin-core\1.2.0.RELEASE\spring-plugin-core-1.2.0.RELEASE.jar;E:\muxiaocao\mvn_repos\org\springframework\plugin\spring-plugin-metadata\1.2.0.RELEASE\spring-plugin-metadata-1.2.0.RELEASE.jar;E:\muxiaocao\mvn_repos\org\springframework\hateoas\spring-hateoas\0.24.0.RELEASE\spring-hateoas-0.24.0.RELEASE.jar;E:\muxiaocao\mvn_repos\io\springfox\springfox-swagger-ui\2.2.2\springfox-swagger-ui-2.2.2.jar;E:\muxiaocao\mvn_repos\org\springframework\boot\spring-boot-starter-jdbc\2.0.1.RELEASE\spring-boot-starter-jdbc-2.0.1.RELEASE.jar;E:\muxiaocao\mvn_repos\com\zaxxer\HikariCP\2.7.8\HikariCP-2.7.8.jar;E:\muxiaocao\mvn_repos\mysql\mysql-connector-java\5.1.29\mysql-connector-java-5.1.29.jar;E:\muxiaocao\mvn_repos\org\springframework\spring-jdbc\4.1.3.RELEASE\spring-jdbc-4.1.3.RELEASE.jar;E:\muxiaocao\mvn_repos\org\springframework\spring-beans\5.0.5.RELEASE\spring-beans-5.0.5.RELEASE.jar;E:\muxiaocao\mvn_repos\org\springframework\spring-tx\5.0.5.RELEASE\spring-tx-5.0.5.RELEASE.jar;E:\muxiaocao\mvn_repos\org\springframework\boot\spring-boot-starter-data-jpa\2.0.1.RELEASE\spring-boot-starter-data-jpa-2.0.1.RELEASE.jar;E:\muxiaocao\mvn_repos\org\springframework\boot\spring-boot-starter-aop\2.0.1.RELEASE\spring-boot-starter-aop-2.0.1.RELEASE.jar;E:\muxiaocao\mvn_repos\org\hibernate\hibernate-core\5.2.16.Final\hibernate-core-5.2.16.Final.jar;E:\muxiaocao\mvn_repos\org\hibernate\javax\persistence\hibernate-jpa-2.1-api\1.0.0.Final\hibernate-jpa-2.1-api-1.0.0.Final.jar;E:\muxiaocao\mvn_repos\org\javassist\javassist\3.22.0-GA\javassist-3.22.0-GA.jar;E:\muxiaocao\mvn_repos\antlr\antlr\2.7.7\antlr-2.7.7.jar;E:\muxiaocao\mvn_repos\org\jboss\jandex\2.0.3.Final\jandex-2.0.3.Final.jar;E:\muxiaocao\mvn_repos\dom4j\dom4j\1.6.1\dom4j-1.6.1.jar;E:\muxiaocao\mvn_repos\org\hibernate\common\hibernate-commons-annotations\5.0.1.Final\hibernate-commons-annotations-5.0.1.Final.jar;E:\muxiaocao\mvn_repos\javax\transaction\javax.transaction-api\1.2\javax.transaction-api-1.2.jar;E:\muxiaocao\mvn_repos\org\springframework\data\spring-data-jpa\2.0.6.RELEASE\spring-data-jpa-2.0.6.RELEASE.jar;E:\muxiaocao\mvn_repos\org\springframework\data\spring-data-commons\2.0.6.RELEASE\spring-data-commons-2.0.6.RELEASE.jar;E:\muxiaocao\mvn_repos\org\springframework\spring-orm\5.0.5.RELEASE\spring-orm-5.0.5.RELEASE.jar;E:\muxiaocao\mvn_repos\org\springframework\spring-aspects\5.0.5.RELEASE\spring-aspects-5.0.5.RELEASE.jar;"/>
    <property name="sun.cpu.endian" value="little"/>
    <property name="user.home" value="C:\Users\Administrator"/>
    <property name="user.language" value="zh"/>
    <property name="java.specification.vendor" value="Oracle Corporation"/>
    <property name="java.home" value="D:\Develop\java\jdk1.8.0_151\jre"/>
    <property name="basedir" value="F:\myGit\sbStudy"/>
    <property name="file.separator" value="\"/>
    <property name="line.separator" value="&#10;"/>
    <property name="java.vm.specification.vendor" value="Oracle Corporation"/>
    <property name="java.specification.name" value="Java Platform API Specification"/>
    <property name="java.awt.graphicsenv" value="sun.awt.Win32GraphicsEnvironment"/>
    <property name="surefire.real.class.path" value="C:\Users\ADMINI~1\AppData\Local\Temp\surefire6993252526018146592\surefirebooter6286907950954034755.jar"/>
    <property name="sun.boot.class.path" value="D:\Develop\java\jdk1.8.0_151\jre\lib\resources.jar;D:\Develop\java\jdk1.8.0_151\jre\lib\rt.jar;D:\Develop\java\jdk1.8.0_151\jre\lib\sunrsasign.jar;D:\Develop\java\jdk1.8.0_151\jre\lib\jsse.jar;D:\Develop\java\jdk1.8.0_151\jre\lib\jce.jar;D:\Develop\java\jdk1.8.0_151\jre\lib\charsets.jar;D:\Develop\java\jdk1.8.0_151\jre\lib\jfr.jar;D:\Develop\java\jdk1.8.0_151\jre\classes"/>
    <property name="user.script" value=""/>
    <property name="sun.management.compiler" value="HotSpot 64-Bit Tiered Compilers"/>
    <property name="java.runtime.version" value="1.8.0_151-b12"/>
    <property name="user.name" value="Administrator"/>
    <property name="path.separator" value=";"/>
    <property name="os.version" value="6.1"/>
    <property name="java.endorsed.dirs" value="D:\Develop\java\jdk1.8.0_151\jre\lib\endorsed"/>
    <property name="java.runtime.name" value="Java(TM) SE Runtime Environment"/>
    <property name="file.encoding" value="GBK"/>
    <property name="java.vm.name" value="Java HotSpot(TM) 64-Bit Server VM"/>
    <property name="localRepository" value="E:\muxiaocao\mvn_repos"/>
    <property name="java.vendor.url.bug" value="http://bugreport.sun.com/bugreport/"/>
    <property name="java.io.tmpdir" value="C:\Users\ADMINI~1\AppData\Local\Temp\"/>
    <property name="java.version" value="1.8.0_151"/>
    <property name="user.dir" value="F:\myGit\sbStudy"/>
    <property name="os.arch" value="amd64"/>
    <property name="java.vm.specification.name" value="Java Virtual Machine Specification"/>
    <property name="java.awt.printerjob" value="sun.awt.windows.WPrinterJob"/>
    <property name="sun.os.patch.level" value="Service Pack 1"/>
    <property name="java.library.path" value="D:\Develop\java\jdk1.8.0_151\jre\bin;C:\Windows\Sun\Java\bin;C:\Windows\system32;C:\Windows;D:\ProgramData\Anaconda3;D:\ProgramData\Anaconda3\Library\mingw-w64\bin;D:\ProgramData\Anaconda3\Library\usr\bin;D:\ProgramData\Anaconda3\Library\bin;D:\ProgramData\Anaconda3\Scripts;C:\ProgramData\Oracle\Java\javapath;C:\Windows\system32;C:\Windows;C:\Windows\System32\Wbem;C:\Windows\System32\WindowsPowerShell\v1.0\;C:\Program Files\Java\jdk1.8.0_111\lib;C:\Program Files\Common Files\Autodesk Shared\;E:\tools\ant\apache-ant-1.9.7\bin;C:\Program Files\Java\jdk1.8.0_111\bin;E:\tools\git\Git\cmd;C:\Program Files\TortoiseSVN\bin;D:\Develop\nodejs\;D:\Develop\java\jdk1.8.0_151\bin;D:\Develop\java\jdk1.8.0_151\jre\bin;D:\Program Files\erl9.2\bin;C:\Users\Administrator\AppData\Local\Programs\Python\Python36\Scripts\;C:\Users\Administrator\AppData\Local\Programs\Python\Python36\;D:\apache-maven-3.3.9-bin\apache-maven-3.3.9\bin;C:\Program Files\MySQL\MySQL Server 5.5\bin;C:\wamp\bin\apache\apache2.4.9\bin;C:\Users\Administrator\AppData\Roaming\npm;."/>
    <property name="java.vm.info" value="mixed mode"/>
    <property name="java.vendor" value="Oracle Corporation"/>
    <property name="java.vm.version" value="25.151-b12"/>
    <property name="java.ext.dirs" value="D:\Develop\java\jdk1.8.0_151\jre\lib\ext;C:\Windows\Sun\Java\lib\ext"/>
    <property name="sun.io.unicode.encoding" value="UnicodeLittle"/>
    <property name="java.class.version" value="52.0"/>
  </properties>
  <testcase name="contextLoads" classname="com.firstboot.parent.ParentApplicationTests" time="0.04">
    <error message="Request processing failed; nested exception is java.lang.Exception: 发生错误" type="org.springframework.web.util.NestedServletException">org.springframework.web.util.NestedServletException: Request processing failed; nested exception is java.lang.Exception: 发生错误
	at com.firstboot.parent.ParentApplicationTests.contextLoads(ParentApplicationTests.java:37)
Caused by: java.lang.Exception: 发生错误
	at com.firstboot.parent.ParentApplicationTests.contextLoads(ParentApplicationTests.java:37)
</error>
    <system-out><![CDATA[2018-05-19 10:51:30.483  INFO 8936 --- [           main] .b.t.c.SpringBootTestContextBootstrapper : Neither @ContextConfiguration nor @ContextHierarchy found for test class [com.firstboot.parent.ParentApplicationTests], using SpringBootContextLoader
2018-05-19 10:51:30.483  INFO 8936 --- [           main] o.s.t.c.support.AbstractContextLoader    : Could not detect default resource locations for test class [com.firstboot.parent.ParentApplicationTests]: no resource found for suffixes {-context.xml, Context.groovy}.
2018-05-19 10:51:30.483  INFO 8936 --- [           main] .b.t.c.SpringBootTestContextBootstrapper : Loaded default TestExecutionListener class names from location [META-INF/spring.factories]: [org.springframework.boot.test.mock.mockito.MockitoTestExecutionListener, org.springframework.boot.test.mock.mockito.ResetMocksTestExecutionListener, org.springframework.boot.test.autoconfigure.restdocs.RestDocsTestExecutionListener, org.springframework.boot.test.autoconfigure.web.client.MockRestServiceServerResetTestExecutionListener, org.springframework.boot.test.autoconfigure.web.servlet.MockMvcPrintOnlyOnFailureTestExecutionListener, org.springframework.boot.test.autoconfigure.web.servlet.WebDriverTestExecutionListener, org.springframework.test.context.web.ServletTestExecutionListener, org.springframework.test.context.support.DirtiesContextBeforeModesTestExecutionListener, org.springframework.test.context.support.DependencyInjectionTestExecutionListener, org.springframework.test.context.support.DirtiesContextTestExecutionListener, org.springframework.test.context.transaction.TransactionalTestExecutionListener, org.springframework.test.context.jdbc.SqlScriptsTestExecutionListener]
2018-05-19 10:51:30.483  INFO 8936 --- [           main] .b.t.c.SpringBootTestContextBootstrapper : Using TestExecutionListeners: [org.springframework.test.context.web.ServletTestExecutionListener@3292eff7, org.springframework.test.context.support.DirtiesContextBeforeModesTestExecutionListener@29ea5e0, org.springframework.boot.test.mock.mockito.MockitoTestExecutionListener@1c459c28, org.springframework.boot.test.autoconfigure.SpringBootDependencyInjectionTestExecutionListener@6ffdbeef, org.springframework.test.context.support.DirtiesContextTestExecutionListener@4a3509b0, org.springframework.test.context.transaction.TransactionalTestExecutionListener@3d7314b3, org.springframework.test.context.jdbc.SqlScriptsTestExecutionListener@d677be9, org.springframework.boot.test.mock.mockito.ResetMocksTestExecutionListener@fefb66c, org.springframework.boot.test.autoconfigure.restdocs.RestDocsTestExecutionListener@6d7556a8, org.springframework.boot.test.autoconfigure.web.client.MockRestServiceServerResetTestExecutionListener@48860139, org.springframework.boot.test.autoconfigure.web.servlet.MockMvcPrintOnlyOnFailureTestExecutionListener@7e0883f3, org.springframework.boot.test.autoconfigure.web.servlet.WebDriverTestExecutionListener@ca60688]
 before ：所有的测试方法之前都先执行这个方法
2018-05-19 10:51:30.503  INFO 8936 --- [           main] s.w.s.m.m.a.RequestMappingHandlerMapping : Mapped "{[/]}" onto public java.lang.String com.firstboot.parent.web.HelloController.index(org.springframework.ui.ModelMap)
2018-05-19 10:51:30.503  INFO 8936 --- [           main] s.w.s.m.m.a.RequestMappingHandlerMapping : Mapped "{[/hello]}" onto public java.lang.String com.firstboot.parent.web.HelloController.hello() throws java.lang.Exception
2018-05-19 10:51:30.503  INFO 8936 --- [           main] s.w.s.m.m.a.RequestMappingHandlerMapping : Mapped "{[/json]}" onto public java.lang.String com.firstboot.parent.web.HelloController.json() throws com.firstboot.parent.exception.MyException
2018-05-19 10:51:30.533  INFO 8936 --- [           main] s.w.s.m.m.a.RequestMappingHandlerAdapter : Looking for @ControllerAdvice: org.springframework.test.web.servlet.setup.StubWebApplicationContext@4ba1c1a2
2018-05-19 10:51:30.543  INFO 8936 --- [           main] o.s.mock.web.MockServletContext          : Initializing Spring FrameworkServlet ''
2018-05-19 10:51:30.543  INFO 8936 --- [           main] o.s.t.web.servlet.TestDispatcherServlet  : FrameworkServlet '': initialization started
2018-05-19 10:51:30.543  INFO 8936 --- [           main] o.s.t.web.servlet.TestDispatcherServlet  : FrameworkServlet '': initialization completed in 0 ms
]]></system-out>
  </testcase>
</testsuite>